<?xml version="1.0" encoding="UTF-8"?>
<coverage generated="1623270065503" clover="3.2.0">
  <project timestamp="1623270065503" name="All files">
    <metrics statements="14" coveredstatements="12" conditionals="2" coveredconditionals="1" methods="4" coveredmethods="4" elements="20" coveredelements="17" complexity="0" loc="14" ncloc="14" packages="1" files="1" classes="1"/>
    <file name="stack.js" path="D:\myData\git\data-structure-with-js\stack\stack.js">
      <metrics statements="14" coveredstatements="12" conditionals="2" coveredconditionals="1" methods="4" coveredmethods="4"/>
      <line num="3" count="4" type="stmt"/>
      <line num="4" count="4" type="stmt"/>
      <line num="8" count="7" type="stmt"/>
      <line num="9" count="7" type="stmt"/>
      <line num="10" count="7" type="stmt"/>
      <line num="14" count="3" type="stmt"/>
      <line num="15" count="3" type="cond" truecount="1" falsecount="1"/>
      <line num="16" count="0" type="stmt"/>
      <line num="19" count="3" type="stmt"/>
      <line num="20" count="3" type="stmt"/>
      <line num="21" count="3" type="stmt"/>
      <line num="26" count="0" type="stmt"/>
      <line num="32" count="4" type="stmt"/>
      <line num="35" count="1" type="stmt"/>
    </file>
  </project>
</coverage>
