{"D:\\myData\\git\\data-structure-with-js\\stack\\stack.js": {"path":"D:\\myData\\git\\data-structure-with-js\\stack\\stack.js","statementMap":{"0":{"start":{"line":3,"column":8},"end":{"line":3,"column":23}},"1":{"start":{"line":4,"column":8},"end":{"line":4,"column":21}},"2":{"start":{"line":8,"column":8},"end":{"line":8,"column":21}},"3":{"start":{"line":9,"column":8},"end":{"line":9,"column":35}},"4":{"start":{"line":10,"column":8},"end":{"line":10,"column":23}},"5":{"start":{"line":14,"column":8},"end":{"line":27,"column":9}},"6":{"start":{"line":15,"column":12},"end":{"line":22,"column":13}},"7":{"start":{"line":16,"column":16},"end":{"line":16,"column":53}},"8":{"start":{"line":19,"column":31},"end":{"line":19,"column":51}},"9":{"start":{"line":20,"column":16},"end":{"line":20,"column":29}},"10":{"start":{"line":21,"column":16},"end":{"line":21,"column":31}},"11":{"start":{"line":26,"column":12},"end":{"line":26,"column":24}},"12":{"start":{"line":32,"column":8},"end":{"line":32,"column":35}},"13":{"start":{"line":35,"column":0},"end":{"line":35,"column":22}}},"fnMap":{"0":{"name":"(anonymous_0)","decl":{"start":{"line":2,"column":4},"end":{"line":2,"column":5}},"loc":{"start":{"line":2,"column":18},"end":{"line":5,"column":5}},"line":2},"1":{"name":"(anonymous_1)","decl":{"start":{"line":7,"column":4},"end":{"line":7,"column":5}},"loc":{"start":{"line":7,"column":19},"end":{"line":11,"column":5}},"line":7},"2":{"name":"(anonymous_2)","decl":{"start":{"line":13,"column":4},"end":{"line":13,"column":5}},"loc":{"start":{"line":13,"column":14},"end":{"line":29,"column":5}},"line":13},"3":{"name":"(anonymous_3)","decl":{"start":{"line":31,"column":4},"end":{"line":31,"column":5}},"loc":{"start":{"line":31,"column":15},"end":{"line":33,"column":5}},"line":31}},"branchMap":{"0":{"loc":{"start":{"line":15,"column":12},"end":{"line":22,"column":13}},"type":"if","locations":[{"start":{"line":15,"column":12},"end":{"line":22,"column":13}},{"start":{"line":15,"column":12},"end":{"line":22,"column":13}}],"line":15}},"s":{"0":4,"1":4,"2":7,"3":7,"4":7,"5":3,"6":3,"7":0,"8":3,"9":3,"10":3,"11":0,"12":4,"13":1},"f":{"0":4,"1":7,"2":3,"3":4},"b":{"0":[0,3]},"_coverageSchema":"1a1c01bbd47fc00a2c39e90264f33305004495a9","hash":"68c879d72de8c6abc4e6a4bf0214be520b39bda2"}
}
